<?xml version="1.0" encoding="UTF-8"?><testsuite errors="1" failures="0" name="Academy Choucair" skipped="0" tests="1" time="2.63" timestamp="2021-07-01 07:09:35"><testcase name="Search for a automation course"><error message="Could not instantiate class org.openqa.selenium.chrome.ChromeDriver" type="net.thucydides.core.webdriver.UnsupportedDriverException">Could not instantiate class org.openqa.selenium.chrome.ChromeDriver</error><system-err>Could not instantiate class org.openqa.selenium.chrome.ChromeDriver
co.com.choucair.certification.proyectobase.tasks.OpenUp.performAs(OpenUp.java:18)
co.com.choucair.certification.proyectobase.stepdefinitions.ChoucairAcademyStepDefinitions.thanBrandonWantToLearnAutomationAtTheAcademyChoucair(ChoucairAcademyStepDefinitions.java:27)
cucumber.runner.Runner.runPickle(Runner.java:80)
</system-err></testcase></testsuite>